2019.11.24, 17:49:52.0201 UTC -> GPRMC,174943.00,A,1028.38912,N,07314.67973,W,6.449,145.05,241119,,,A*73
2019.11.24, 17:49:53.0780 UTC -> GPRMC,174948.00,A,1028.38199,N,07314.67328,W,6.077,136.91,241119,,,A*77
2019.11.24, 17:49:55.0376 UTC -> GPRMC,174953.00,A,1028.37646,N,07314.66930,W,2.915,155.50,241119,,,A*74
2019.11.24, 17:49:59.0992 UTC -> GPRMC,174958.00,A,1028.37478,N,07314.66821,W,0.585,0.0,241119,,,A*42
2019.11.24, 17:50:05.0114 UTC -> GPRMC,175003.00,A,1028.37074,N,07314.66537,W,4.405,143.57,241119,,,A*7F
2019.11.24, 17:50:10.0073 UTC -> GPRMC,175008.00,A,1028.36600,N,07314.66278,W,3.599,151.20,241119,,,A*7C
2019.11.24, 17:50:15.0076 UTC -> GPRMC,175013.00,A,1028.36015,N,07314.65874,W,3.557,142.78,241119,,,A*7C
2019.11.24, 17:50:20.0576 UTC -> GPRMC,175018.00,A,1028.35292,N,07314.65379,W,7.147,145.04,241119,,,A*72
2019.11.24, 17:50:25.0171 UTC -> GPRMC,175023.00,A,1028.34315,N,07314.64775,W,8.721,149.69,241119,,,A*72
2019.11.24, 17:50:30.0205 UTC -> GPRMC,175028.00,A,1028.33260,N,07314.64098,W,8.686,146.55,241119,,,A*75
2019.11.24, 17:50:35.0172 UTC -> GPRMC,175033.00,A,1028.32297,N,07314.63441,W,8.084,143.28,241119,,,A*7A
2019.11.24, 17:50:40.0155 UTC -> GPRMC,175038.00,A,1028.31270,N,07314.62761,W,8.523,148.24,241119,,,A*74
2019.11.24, 17:50:46.0728 UTC -> GPRMC,175043.00,A,1028.30531,N,07314.62342,W,1.766,154.96,241119,,,A*70
2019.11.24, 17:50:50.0087 UTC -> GPRMC,175048.00,A,1028.30413,N,07314.62305,W,0.000,0.0,241119,,,A*40
2019.11.24, 17:50:55.0151 UTC -> GPRMC,175053.00,A,1028.30413,N,07314.62305,W,0.000,0.0,241119,,,A*4A
2019.11.24, 17:51:00.0124 UTC -> GPRMC,175058.00,A,1028.30413,N,07314.62305,W,0.000,0.0,241119,,,A*41
2019.11.24, 17:51:05.0931 UTC -> GPRMC,175103.00,A,1028.30413,N,07314.62305,W,0.000,0.0,241119,,,A*4E
2019.11.24, 17:51:09.0580 UTC -> GPRMC,175108.00,A,1028.30413,N,07314.62305,W,0.000,0.0,241119,,,A*45
2019.11.24, 17:51:15.0491 UTC -> GPRMC,175113.00,A,1028.30413,N,07314.62305,W,0.000,0.0,241119,,,A*4F
2019.11.24, 17:51:20.0571 UTC -> GPRMC,175118.00,A,1028.30413,N,07314.62305,W,0.000,0.0,241119,,,A*44
2019.11.24, 17:51:28.0097 UTC -> GPRMC,175123.00,A,1028.29863,N,07314.61919,W,5.703,138.00,241119,,,A*70
2019.11.24, 17:51:31.0697 UTC -> GPRMC,175128.00,A,1028.29619,N,07314.61203,W,2.375,96.86,241119,,,A*41
2019.11.24, 17:51:35.0627 UTC -> GPRMC,175133.00,A,1028.29562,N,07314.61092,W,0.442,0.0,241119,,,A*4E
2019.11.24, 17:51:40.0601 UTC -> GPRMC,175138.00,A,1028.29562,N,07314.61092,W,0.000,0.0,241119,,,A*47
2019.11.24, 17:51:45.0615 UTC -> GPRMC,175143.00,A,1028.29550,N,07314.60790,W,6.362,83.48,241119,,,A*48
2019.11.24, 17:51:50.0849 UTC -> GPRMC,175148.00,A,1028.29665,N,07314.59489,W,11.666,84.57,241119,,,A*79
2019.11.24, 17:51:55.0706 UTC -> GPRMC,175153.00,A,1028.29753,N,07314.57575,W,13.198,84.74,241119,,,A*7E
2019.11.24, 17:52:00.0516 UTC -> GPRMC,175158.00,A,1028.29909,N,07314.55625,W,13.267,86.19,241119,,,A*7A
2019.11.24, 17:52:05.0549 UTC -> GPRMC,175203.00,A,1028.30035,N,07314.53502,W,15.891,87.33,241119,,,A*75
2019.11.24, 17:52:10.0586 UTC -> GPRMC,175208.00,A,1028.30153,N,07314.51087,W,17.583,86.65,241119,,,A*7B
2019.11.24, 17:52:18.0086 UTC -> GPRMC,175214.00,A,1028.30177,N,07314.48117,W,14.018,89.99,241119,,,A*78
2019.11.24, 17:52:20.0747 UTC -> GPRMC,175218.00,A,1028.30265,N,07314.46949,W,4.486,85.97,241119,,,A*49
2019.11.24, 17:52:25.0086 UTC -> GPRMC,175223.00,A,1028.30265,N,07314.46726,W,0.000,0.0,241119,,,A*4B
2019.11.24, 17:52:30.0470 UTC -> GPRMC,175228.00,A,1028.30292,N,07314.46072,W,6.597,86.64,241119,,,A*4F
2019.11.24, 17:52:34.0986 UTC -> GPRMC,175233.00,A,1028.30372,N,07314.45546,W,1.643,0.0,241119,,,A*4A
2019.11.24, 17:52:48.0551 UTC -> GPRMC,175233.00,A,1028.30372,N,07314.45546,W,1.643,0.0,241119,,,A*4A
2019.11.24, 17:52:52.0472 UTC -> GPRMC,175238.00,A,1028.30390,N,07314.44761,W,8.192,84.86,241119,,,A*4B
2019.11.24, 17:52:53.0806 UTC -> GPRMC,175243.00,A,1028.30533,N,07314.43008,W,14.500,87.84,241119,,,A*74
2019.11.24, 17:52:55.0992 UTC -> GPRMC,175248.00,A,1028.30645,N,07314.40881,W,16.388,86.04,241119,,,A*7A
2019.11.24, 17:52:57.0626 UTC -> GPRMC,175253.00,A,1028.30856,N,07314.38321,W,18.190,83.46,241119,,,A*74
2019.11.24, 17:52:59.0696 UTC -> GPRMC,175258.00,A,1028.31030,N,07314.35592,W,20.160,86.48,241119,,,A*7A
2019.11.24, 17:53:10.0999 UTC -> GPRMC,175303.00,A,1028.31169,N,07314.32808,W,19.207,84.85,241119,,,A*7A
2019.11.24, 17:53:16.0837 UTC -> GPRMC,175308.00,A,1028.31245,N,07314.30111,W,13.535,90.02,241119,,,A*79
2019.11.24, 17:53:18.0494 UTC -> GPRMC,175313.00,A,1028.31333,N,07314.28523,W,11.398,89.30,241119,,,A*75
2019.11.24, 17:53:21.0416 UTC -> GPRMC,175318.00,A,1028.31217,N,07314.27338,W,5.669,98.22,241119,,,A*47
2019.11.24, 17:53:25.0726 UTC -> GPRMC,175323.00,A,1028.30589,N,07314.26638,W,6.322,143.19,241119,,,A*7C
2019.11.24, 17:53:29.0787 UTC -> GPRMC,175328.00,A,1028.29856,N,07314.26025,W,8.954,139.48,241119,,,A*76
2019.11.24, 17:53:35.0405 UTC -> GPRMC,175333.00,A,1028.28374,N,07314.24899,W,15.594,143.49,241119,,,A*4B
2019.11.24, 17:53:42.0852 UTC -> GPRMC,175338.00,A,1028.26430,N,07314.23479,W,18.454,147.09,241119,,,A*4C
